2025-11-14T14:04:00: Refactor SmartOps logic
2025-11-14T14:48:00: Fix bug SmartOps logic
2025-11-14T10:46:00: Merge branch SmartOps logic
2025-11-14T11:59:00: Fix bug SmartOps logic
2025-11-16T16:49:00: Clean up JAVA-Banking logic
2025-11-17T13:48:00: Add features Car-Dealership logic
2025-11-17T19:47:00: Update JAVA-Banking logic
2025-11-17T13:08:00: Refactor Portfolio-v2 logic
2025-11-17T17:34:00: Update Car-Dealership logic
2025-11-17T12:04:00: Update Car-Dealership logic
2025-11-18T11:58:00: Clean up Car-Dealership logic
2025-11-18T21:29:00: Optimize Task-Manager logic
2025-11-20T20:38:00: Clean up JAVA-Banking logic
2025-11-20T20:39:00: Merge branch Portfolio-v2 logic
2025-11-20T12:37:00: Add features JAVA-Banking logic
2025-11-20T10:08:00: Clean up Portfolio-v2 logic
2025-11-20T16:12:00: Fix bug SmartOps logic
2025-11-21T20:01:00: Update Car-Dealership logic
2025-11-21T21:29:00: Merge branch Task-Manager logic
2025-11-21T18:53:00: Optimize Car-Dealership logic
2025-11-21T10:33:00: Merge branch Portfolio-v2 logic
2025-11-22T15:16:00: Clean up Portfolio-v2 logic
2025-11-26T20:46:00: Optimize Car-Dealership logic
2025-11-27T18:41:00: Update Portfolio-v2 logic
2025-11-27T16:46:00: Add features Portfolio-v2 logic
2025-11-27T10:04:00: Refactor Task-Manager logic
2025-11-27T17:58:00: Optimize Task-Manager logic
2025-11-27T10:30:00: Refactor Task-Manager logic
2025-11-29T14:09:00: Merge branch Car-Dealership logic
2025-12-01T14:32:00: Optimize Portfolio-v2 logic
2025-12-01T19:05:00: Merge branch JAVA-Banking logic
2025-12-01T12:34:00: Merge branch Portfolio-v2 logic
2025-12-01T10:24:00: Fix bug SmartOps logic
2025-12-04T10:24:00: Refactor Portfolio-v2 logic
2025-12-05T11:00:00: Fix bug SmartOps logic
2025-12-05T11:10:00: Optimize Car-Dealership logic
2025-12-05T17:18:00: Merge branch Car-Dealership logic
2025-12-07T21:14:00: Optimize Portfolio-v2 logic
2025-12-07T20:26:00: Refactor Car-Dealership logic
2025-12-07T14:44:00: Refactor JAVA-Banking logic
2025-12-12T15:06:00: Add features SmartOps logic
2025-12-12T11:47:00: Add features Task-Manager logic
2025-12-12T17:24:00: Update Task-Manager logic
2025-12-12T21:19:00: Add features Portfolio-v2 logic
2025-12-12T12:23:00: Merge branch Task-Manager logic
2025-12-14T14:56:00: Update Car-Dealership logic
2025-12-14T13:28:00: Refactor Task-Manager logic
2025-12-16T11:58:00: Fix bug JAVA-Banking logic
2025-12-20T21:50:00: Refactor Task-Manager logic
2025-12-20T18:20:00: Refactor Task-Manager logic
2025-12-20T12:53:00: Update Car-Dealership logic
2025-12-20T14:39:00: Fix bug Task-Manager logic
2025-12-20T21:41:00: Add features Portfolio-v2 logic
2025-12-22T16:40:00: Refactor SmartOps logic
2025-12-22T14:07:00: Fix bug Task-Manager logic
2025-12-22T14:56:00: Optimize Car-Dealership logic
2025-12-22T20:14:00: Update JAVA-Banking logic
2025-12-22T18:02:00: Optimize JAVA-Banking logic
2025-12-24T13:10:00: Add features JAVA-Banking logic
2025-12-24T15:51:00: Fix bug Car-Dealership logic
2025-12-24T17:08:00: Update Task-Manager logic
2025-12-24T11:21:00: Fix bug Portfolio-v2 logic
2025-12-24T17:58:00: Add features Portfolio-v2 logic
2025-12-25T10:46:00: Clean up Portfolio-v2 logic
2025-12-25T13:43:00: Fix bug SmartOps logic
2025-12-25T14:04:00: Clean up Car-Dealership logic
2025-12-25T21:28:00: Merge branch JAVA-Banking logic
2025-12-25T20:57:00: Update JAVA-Banking logic
2025-12-26T10:48:00: Update SmartOps logic
2025-12-29T14:52:00: Optimize Portfolio-v2 logic
2025-12-29T12:53:00: Update Portfolio-v2 logic
2025-12-29T20:36:00: Add features JAVA-Banking logic
2025-12-29T13:40:00: Merge branch Portfolio-v2 logic
2025-12-30T12:57:00: Optimize Portfolio-v2 logic
2025-12-30T10:50:00: Optimize SmartOps logic
2025-12-31T19:42:00: Update SmartOps logic
2025-12-31T10:14:00: Add features SmartOps logic
2025-12-31T14:57:00: Add features JAVA-Banking logic
2025-12-31T10:04:00: Fix bug Car-Dealership logic
2026-01-02T13:27:00: Merge branch Portfolio-v2 logic
2026-01-02T13:43:00: Add features Car-Dealership logic
2026-01-06T13:35:00: Fix bug SmartOps logic
2026-01-06T15:22:00: Update Task-Manager logic
2026-01-06T16:26:00: Clean up Portfolio-v2 logic
2026-01-06T21:37:00: Update Portfolio-v2 logic
2026-01-08T20:35:00: Clean up Task-Manager logic
2026-01-08T17:09:00: Refactor Car-Dealership logic
2026-01-08T16:40:00: Update Task-Manager logic
2026-01-08T19:25:00: Optimize JAVA-Banking logic
2026-01-16T19:26:00: Refactor JAVA-Banking logic
2026-01-16T17:14:00: Update SmartOps logic
2026-01-16T16:35:00: Clean up Task-Manager logic
2026-01-17T15:21:00: Update Car-Dealership logic
2026-01-17T17:16:00: Optimize Car-Dealership logic
2026-01-17T12:34:00: Fix bug Task-Manager logic
2026-01-17T10:49:00: Optimize Portfolio-v2 logic
2025-11-16T10:54:00: Merge branch Task-Manager logic
2025-11-16T21:22:00: Refactor Car-Dealership logic
2025-11-16T18:42:00: Clean up Task-Manager logic
2025-11-19T20:14:00: Update Car-Dealership logic
2025-11-19T21:25:00: Merge branch JAVA-Banking logic
2025-11-19T18:18:00: Optimize Task-Manager logic
2025-11-23T15:20:00: Merge branch JAVA-Banking logic
2025-11-23T18:43:00: Clean up JAVA-Banking logic
2025-11-27T11:39:00: Update Task-Manager logic
2025-11-27T14:52:00: Add features SmartOps logic
2025-11-28T12:27:00: Add features Task-Manager logic
2025-11-28T16:17:00: Merge branch SmartOps logic
2025-11-29T15:15:00: Add features Portfolio-v2 logic
2025-11-29T16:35:00: Merge branch Portfolio-v2 logic
2025-11-29T18:54:00: Clean up SmartOps logic
2025-12-01T14:24:00: Clean up Task-Manager logic
2025-12-01T10:48:00: Merge branch Car-Dealership logic
2025-12-01T19:09:00: Refactor Portfolio-v2 logic
2025-12-05T21:07:00: Optimize Portfolio-v2 logic
2025-12-05T14:22:00: Clean up Task-Manager logic
2025-12-05T20:56:00: Fix bug JAVA-Banking logic
2025-12-05T11:53:00: Add features JAVA-Banking logic
2025-12-05T13:48:00: Optimize JAVA-Banking logic
2025-12-06T14:33:00: Refactor Task-Manager logic
2025-12-08T17:26:00: Fix bug Portfolio-v2 logic
2025-12-11T21:33:00: Refactor Task-Manager logic
2025-12-11T17:28:00: Fix bug JAVA-Banking logic
2025-12-11T21:00:00: Fix bug SmartOps logic
2025-12-11T10:26:00: Optimize Car-Dealership logic
2025-12-11T21:57:00: Optimize Task-Manager logic
2025-12-16T16:58:00: Optimize Car-Dealership logic
2025-12-19T17:30:00: Merge branch JAVA-Banking logic
2025-12-19T19:23:00: Fix bug Task-Manager logic
2025-12-19T14:55:00: Optimize Task-Manager logic
2025-12-19T10:20:00: Merge branch JAVA-Banking logic
2025-12-20T15:51:00: Clean up SmartOps logic
2025-12-20T21:54:00: Update JAVA-Banking logic
2025-12-23T10:53:00: Optimize JAVA-Banking logic
2025-12-23T13:50:00: Optimize JAVA-Banking logic
2025-12-29T17:24:00: Clean up JAVA-Banking logic
2025-12-29T20:07:00: Merge branch JAVA-Banking logic
2025-12-29T18:07:00: Update Task-Manager logic
2025-12-30T18:09:00: Add features Portfolio-v2 logic
2025-12-30T11:06:00: Add features Task-Manager logic
2025-12-30T12:31:00: Optimize Portfolio-v2 logic
2025-12-30T15:31:00: Clean up JAVA-Banking logic
2025-12-31T13:55:00: Merge branch Task-Manager logic
2025-12-31T20:28:00: Refactor Car-Dealership logic
2026-01-01T10:40:00: Refactor JAVA-Banking logic
2026-01-01T20:02:00: Update SmartOps logic
2026-01-03T17:21:00: Fix bug Portfolio-v2 logic
2026-01-04T11:23:00: Refactor Car-Dealership logic
2026-01-04T20:47:00: Merge branch Portfolio-v2 logic
2026-01-04T19:49:00: Clean up Portfolio-v2 logic
2026-01-05T18:25:00: Add features Portfolio-v2 logic
2026-01-05T19:55:00: Merge branch Task-Manager logic
2026-01-05T17:25:00: Merge branch Car-Dealership logic
2026-01-07T17:03:00: Fix bug SmartOps logic
2026-01-07T20:20:00: Add features Task-Manager logic
2026-01-08T16:47:00: Update Car-Dealership logic
2026-01-08T21:29:00: Optimize JAVA-Banking logic
2026-01-12T20:39:00: Refactor Car-Dealership logic
2026-01-12T11:21:00: Optimize Portfolio-v2 logic
2026-01-13T17:22:00: Fix bug Portfolio-v2 logic
2026-01-13T12:43:00: Clean up JAVA-Banking logic
2026-01-13T13:11:00: Merge branch Portfolio-v2 logic
2026-01-13T12:05:00: Refactor JAVA-Banking logic
2026-01-13T19:27:00: Clean up Car-Dealership logic
2026-01-14T14:08:00: Update JAVA-Banking logic
2026-01-14T15:20:00: Refactor Task-Manager logic
2026-01-14T18:57:00: Clean up Car-Dealership logic
2026-01-14T16:00:00: Add features Car-Dealership logic
2026-01-15T15:32:00: Add features Task-Manager logic
2026-01-15T10:10:00: Refactor SmartOps logic
2026-01-17T20:27:00: Refactor Portfolio-v2 logic
2026-01-20T16:56:00: Fix bug Portfolio-v2 logic